This is pdfTeX, Version 3.14159265-2.6-1.40.16 (TeX Live 2015) (preloaded format=latex 2015.12.4)  12 FEB 2018 12:05
entering extended mode
 restricted \write18 enabled.
 %&-line parsing enabled.
**solutions.tex
(./solutions.tex
LaTeX2e <2015/01/01>
Babel <3.9l> and hyphenation patterns for 79 languages loaded.
(/usr/local/texlive/2015/texmf-dist/tex/latex/base/article.cls
Document Class: article 2014/09/29 v1.4h Standard LaTeX document class
(/usr/local/texlive/2015/texmf-dist/tex/latex/base/size10.clo
File: size10.clo 2014/09/29 v1.4h Standard LaTeX file (size option)
)
\c@part=\count79
\c@section=\count80
\c@subsection=\count81
\c@subsubsection=\count82
\c@paragraph=\count83
\c@subparagraph=\count84
\c@figure=\count85
\c@table=\count86
\abovecaptionskip=\skip41
\belowcaptionskip=\skip42
\bibindent=\dimen102
)
(/usr/local/texlive/2015/texmf-dist/tex/latex/graphics/epsfig.sty
Package: epsfig 1999/02/16 v1.7a (e)psfig emulation (SPQR)

(/usr/local/texlive/2015/texmf-dist/tex/latex/graphics/graphicx.sty
Package: graphicx 2014/10/28 v1.0g Enhanced LaTeX Graphics (DPC,SPQR)

(/usr/local/texlive/2015/texmf-dist/tex/latex/graphics/keyval.sty
Package: keyval 2014/10/28 v1.15 key=value parser (DPC)
\KV@toks@=\toks14
)
(/usr/local/texlive/2015/texmf-dist/tex/latex/graphics/graphics.sty
Package: graphics 2014/10/28 v1.0p Standard LaTeX Graphics (DPC,SPQR)

(/usr/local/texlive/2015/texmf-dist/tex/latex/graphics/trig.sty
Package: trig 1999/03/16 v1.09 sin cos tan (DPC)
)
(/usr/local/texlive/2015/texmf-dist/tex/latex/latexconfig/graphics.cfg
File: graphics.cfg 2010/04/23 v1.9 graphics configuration of TeX Live
)
Package graphics Info: Driver file: dvips.def on input line 94.

(/usr/local/texlive/2015/texmf-dist/tex/latex/graphics/dvips.def
File: dvips.def 2014/10/14 v3.0j Driver-dependent file (DPC,SPQR)
))
\Gin@req@height=\dimen103
\Gin@req@width=\dimen104
)
\epsfxsize=\dimen105
\epsfysize=\dimen106
)
(/usr/local/texlive/2015/texmf-dist/tex/latex/graphics/color.sty
Package: color 2014/10/28 v1.1a Standard LaTeX Color (DPC)

(/usr/local/texlive/2015/texmf-dist/tex/latex/latexconfig/color.cfg
File: color.cfg 2007/01/18 v1.5 color configuration of teTeX/TeXLive
)
Package color Info: Driver file: dvips.def on input line 142.

(/usr/local/texlive/2015/texmf-dist/tex/latex/graphics/dvipsnam.def
File: dvipsnam.def 2014/10/14 v3.0j Driver-dependent file (DPC,SPQR)
))
(./solutions.aux)
\openout1 = `solutions.aux'.

LaTeX Font Info:    Checking defaults for OML/cmm/m/it on input line 29.
LaTeX Font Info:    ... okay on input line 29.
LaTeX Font Info:    Checking defaults for T1/cmr/m/n on input line 29.
LaTeX Font Info:    ... okay on input line 29.
LaTeX Font Info:    Checking defaults for OT1/cmr/m/n on input line 29.
LaTeX Font Info:    ... okay on input line 29.
LaTeX Font Info:    Checking defaults for OMS/cmsy/m/n on input line 29.
LaTeX Font Info:    ... okay on input line 29.
LaTeX Font Info:    Checking defaults for OMX/cmex/m/n on input line 29.
LaTeX Font Info:    ... okay on input line 29.
LaTeX Font Info:    Checking defaults for U/cmr/m/n on input line 29.
LaTeX Font Info:    ... okay on input line 29.
LaTeX Font Info:    External font `cmex10' loaded for size
(Font)              <7> on input line 31.
LaTeX Font Info:    External font `cmex10' loaded for size
(Font)              <5> on input line 31.
 (./couette-plan.pstex_t
File: couette-plan.pstex Graphic file (type eps)
 <couette-plan.pstex>
LaTeX Font Info:    External font `cmex10' loaded for size
(Font)              <8> on input line 13.
LaTeX Font Info:    External font `cmex10' loaded for size
(Font)              <6> on input line 13.
)
Overfull \hbox (2.73926pt too wide) detected at line 59
[] \OT1/cmr/m/n/10 = [] = []
 []

(./poiseuille-plan.pstex_t
File: poiseuille-plan.pstex Graphic file (type eps)
 <poiseuille-plan.pstex>)
Overfull \hbox (2.73926pt too wide) detected at line 95
[] \OT1/cmr/m/n/10 = [] = []
 []

(./couette-poiseuille.pstex_t
File: couette-poiseuille.pstex Graphic file (type eps)
 <couette-poiseuille.pstex>)
Overfull \hbox (2.73926pt too wide) detected at line 127
[] \OT1/cmr/m/n/10 = [] = []
 []

(./poiseuille-cylindrique.pstex_t
File: poiseuille-cylindrique.pstex Graphic file (type eps)
 <poiseuille-cylindrique.pstex>)
Overfull \hbox (8.16689pt too wide) in paragraph at lines 160--161
[][] 
 []


Overfull \hbox (2.73926pt too wide) detected at line 169
[] \OT1/cmr/m/n/10 = [] = []
 []

(./couette-taylor.pstex_t
File: couette-taylor.pstex Graphic file (type eps)
 <couette-taylor.pstex>)
Overfull \hbox (2.73926pt too wide) detected at line 201
[] \OT1/cmr/m/n/10 = [] = []
 []

(./film-tombant.pstex_t
File: film-tombant.pstex Graphic file (type eps)
 <film-tombant.pstex>)
Overfull \hbox (2.73926pt too wide) detected at line 239
[] \OT1/cmr/m/n/10 = [] = []
 []

(./stokes-1.pstex_t
File: stokes-1.pstex Graphic file (type eps)
 <stokes-1.pstex>)
Overfull \hbox (2.73926pt too wide) detected at line 269
[] \OT1/cmr/m/n/10 = [] = []
 []


Overfull \hbox (4.02924pt too wide) detected at line 284
[] \OML/cmm/m/it/10 u\OT1/cmr/m/n/10 (\OML/cmm/m/it/10 y; t\OT1/cmr/m/n/10 ) = 
\OML/cmm/m/it/10 U []
 []

(./stokes-2.pstex_t
File: stokes-2.pstex Graphic file (type eps)
 <stokes-2.pstex>)
Overfull \hbox (2.73926pt too wide) detected at line 304
[] \OT1/cmr/m/n/10 = [] = []
 []


Overfull \hbox (4.85384pt too wide) detected at line 323
[][]
 []


Overfull \hbox (20.3209pt too wide) in paragraph at lines 31--333
[][] 
 []

[1

] (./solutions.aux) ) 
Here is how much of TeX's memory you used:
 799 strings out of 493090
 10723 string characters out of 6134868
 81356 words of memory out of 5000000
 4307 multiletter control sequences out of 15000+600000
 6078 words of font info for 22 fonts, out of 8000000 for 9000
 1141 hyphenation exceptions out of 8191
 32i,22n,21p,219b,394s stack positions out of 5000i,500n,10000p,200000b,80000s

Output written on solutions.dvi (1 page, 10856 bytes).
